[START][2025-06-07 08:12:42] LSP logging initiated
[ERROR][2025-06-07 08:12:42] ...p/_transport.lua:36	"rpc"	"clangd"	"stderr"	"I[08:12:42.510] clangd version 19.1.7\nI[08:12:42.510] Features: linux\nI[08:12:42.510] PID: 21856\nI[08:12:42.510] Working directory: /home/carlos/Documents/icy-iso/iso/airootfs/root\nI[08:12:42.510] argv[0]: clangd\n"
[ERROR][2025-06-07 08:12:42] ...p/_transport.lua:36	"rpc"	"clangd"	"stderr"	"I[08:12:42.510] Starting LSP over stdin/stdout\n"
[ERROR][2025-06-07 08:12:42] ...p/_transport.lua:36	"rpc"	"clangd"	"stderr"	"I[08:12:42.510] <-- initialize(1)\n"
[ERROR][2025-06-07 08:12:42] ...p/_transport.lua:36	"rpc"	"clangd"	"stderr"	"I[08:12:42.511] --> reply:initialize(1) 0 ms\n"
[ERROR][2025-06-07 08:12:42] ...p/_transport.lua:36	"rpc"	"clangd"	"stderr"	"I[08:12:42.512] <-- initialized\nI[08:12:42.512] <-- textDocument/didOpen\n"
[ERROR][2025-06-07 08:12:42] ...p/_transport.lua:36	"rpc"	"clangd"	"stderr"	"I[08:12:42.512] Failed to find compilation database for /home/carlos/Documents/icy-iso/iso/airootfs/root/a.c\nI[08:12:42.512] ASTWorker building file /home/carlos/Documents/icy-iso/iso/airootfs/root/a.c version 0 with command clangd fallback\n[/home/carlos/Documents/icy-iso/iso/airootfs/root]\n/usr/bin/clang -resource-dir=/usr/lib/clang/19 -- /home/carlos/Documents/icy-iso/iso/airootfs/root/a.c\n"
[ERROR][2025-06-07 08:12:42] ...p/_transport.lua:36	"rpc"	"clangd"	"stderr"	"I[08:12:42.516] <-- textDocument/semanticTokens/full(2)\n"
[ERROR][2025-06-07 08:12:42] ...p/_transport.lua:36	"rpc"	"clangd"	"stderr"	"I[08:12:42.520] Built preamble of size 231836 for file /home/carlos/Documents/icy-iso/iso/airootfs/root/a.c version 0 in 0.01 seconds\n"
[ERROR][2025-06-07 08:12:42] ...p/_transport.lua:36	"rpc"	"clangd"	"stderr"	"I[08:12:42.520] --> workspace/semanticTokens/refresh(0)\n"
[ERROR][2025-06-07 08:12:42] ...p/_transport.lua:36	"rpc"	"clangd"	"stderr"	"I[08:12:42.521] Indexing c17 standard library in the context of /home/carlos/Documents/icy-iso/iso/airootfs/root/a.c\n"
[ERROR][2025-06-07 08:12:42] ...p/_transport.lua:36	"rpc"	"clangd"	"stderr"	"I[08:12:42.523] <-- $/cancelRequest\nI[08:12:42.523] <-- textDocument/semanticTokens/full(3)\nI[08:12:42.523] <-- reply(0)\n"
[ERROR][2025-06-07 08:12:42] ...p/_transport.lua:36	"rpc"	"clangd"	"stderr"	"I[08:12:42.525] --> textDocument/publishDiagnostics\n"
[ERROR][2025-06-07 08:12:42] ...p/_transport.lua:36	"rpc"	"clangd"	"stderr"	"I[08:12:42.525] --> reply:textDocument/semanticTokens/full(2) 8 ms, error: Task was cancelled.\nI[08:12:42.525] --> reply:textDocument/semanticTokens/full(3) 1 ms\n"
[ERROR][2025-06-07 08:12:42] ...p/_transport.lua:36	"rpc"	"clangd"	"stderr"	"I[08:12:42.634] Indexed c17 standard library: 2868 symbols, 27 filtered\n"
[ERROR][2025-06-07 08:12:43] ...p/_transport.lua:36	"rpc"	"clangd"	"stderr"	"I[08:12:43.652] <-- textDocument/didChange\n"
[ERROR][2025-06-07 08:12:43] ...p/_transport.lua:36	"rpc"	"clangd"	"stderr"	"I[08:12:43.701] <-- textDocument/semanticTokens/full/delta(4)\n"
[ERROR][2025-06-07 08:12:43] ...p/_transport.lua:36	"rpc"	"clangd"	"stderr"	"I[08:12:43.701] Failed to find compilation database for /home/carlos/Documents/icy-iso/iso/airootfs/root/a.c\n"
[ERROR][2025-06-07 08:12:43] ...p/_transport.lua:36	"rpc"	"clangd"	"stderr"	"I[08:12:43.702] ASTWorker building file /home/carlos/Documents/icy-iso/iso/airootfs/root/a.c version 4 with command clangd fallback\n[/home/carlos/Documents/icy-iso/iso/airootfs/root]\n/usr/bin/clang -resource-dir=/usr/lib/clang/19 -- /home/carlos/Documents/icy-iso/iso/airootfs/root/a.c\n"
[ERROR][2025-06-07 08:12:43] ...p/_transport.lua:36	"rpc"	"clangd"	"stderr"	"I[08:12:43.708] --> textDocument/publishDiagnostics\n"
[ERROR][2025-06-07 08:12:43] ...p/_transport.lua:36	"rpc"	"clangd"	"stderr"	"I[08:12:43.708] --> reply:textDocument/semanticTokens/full/delta(4) 7 ms\n"
[ERROR][2025-06-07 08:12:43] ...p/_transport.lua:36	"rpc"	"clangd"	"stderr"	"I[08:12:43.710] Built preamble of size 231836 for file /home/carlos/Documents/icy-iso/iso/airootfs/root/a.c version 4 in 0.01 seconds\n"
[ERROR][2025-06-07 08:12:43] ...p/_transport.lua:36	"rpc"	"clangd"	"stderr"	"I[08:12:43.710] --> workspace/semanticTokens/refresh(1)\n"
[ERROR][2025-06-07 08:12:43] ...p/_transport.lua:36	"rpc"	"clangd"	"stderr"	"I[08:12:43.711] <-- textDocument/semanticTokens/full/delta(5)\n"
[ERROR][2025-06-07 08:12:43] ...p/_transport.lua:36	"rpc"	"clangd"	"stderr"	"I[08:12:43.711] <-- reply(1)\n"
[ERROR][2025-06-07 08:12:43] ...p/_transport.lua:36	"rpc"	"clangd"	"stderr"	"I[08:12:43.715] --> textDocument/publishDiagnostics\nI[08:12:43.715] --> reply:textDocument/semanticTokens/full/delta(5) 4 ms\n"
[ERROR][2025-06-07 08:12:44] ...p/_transport.lua:36	"rpc"	"clangd"	"stderr"	"I[08:12:44.077] <-- textDocument/didChange\n"
[ERROR][2025-06-07 08:12:44] ...p/_transport.lua:36	"rpc"	"clangd"	"stderr"	"I[08:12:44.127] Failed to find compilation database for /home/carlos/Documents/icy-iso/iso/airootfs/root/a.c\n"
[ERROR][2025-06-07 08:12:44] ...p/_transport.lua:36	"rpc"	"clangd"	"stderr"	"I[08:12:44.128] ASTWorker building file /home/carlos/Documents/icy-iso/iso/airootfs/root/a.c version 5 with command clangd fallback\n[/home/carlos/Documents/icy-iso/iso/airootfs/root]\n/usr/bin/clang -resource-dir=/usr/lib/clang/19 -- /home/carlos/Documents/icy-iso/iso/airootfs/root/a.c\n"
[ERROR][2025-06-07 08:12:44] ...p/_transport.lua:36	"rpc"	"clangd"	"stderr"	"I[08:12:44.135] --> textDocument/publishDiagnostics\n"
[ERROR][2025-06-07 08:12:44] ...p/_transport.lua:36	"rpc"	"clangd"	"stderr"	"I[08:12:44.277] <-- textDocument/semanticTokens/full/delta(6)\n"
[ERROR][2025-06-07 08:12:44] ...p/_transport.lua:36	"rpc"	"clangd"	"stderr"	"I[08:12:44.277] --> reply:textDocument/semanticTokens/full/delta(6) 0 ms\n"
[ERROR][2025-06-07 08:12:44] ...p/_transport.lua:36	"rpc"	"clangd"	"stderr"	"I[08:12:44.277] <-- textDocument/didChange\n"
[ERROR][2025-06-07 08:12:44] ...p/_transport.lua:36	"rpc"	"clangd"	"stderr"	"I[08:12:44.327] Failed to find compilation database for /home/carlos/Documents/icy-iso/iso/airootfs/root/a.c\n"
[ERROR][2025-06-07 08:12:44] ...p/_transport.lua:36	"rpc"	"clangd"	"stderr"	"I[08:12:44.328] ASTWorker building file /home/carlos/Documents/icy-iso/iso/airootfs/root/a.c version 6 with command clangd fallback\n[/home/carlos/Documents/icy-iso/iso/airootfs/root]\n/usr/bin/clang -resource-dir=/usr/lib/clang/19 -- /home/carlos/Documents/icy-iso/iso/airootfs/root/a.c\n"
[ERROR][2025-06-07 08:12:44] ...p/_transport.lua:36	"rpc"	"clangd"	"stderr"	"I[08:12:44.335] --> textDocument/publishDiagnostics\n"
[ERROR][2025-06-07 08:12:44] ...p/_transport.lua:36	"rpc"	"clangd"	"stderr"	"I[08:12:44.427] <-- textDocument/didChange\n"
[ERROR][2025-06-07 08:12:44] ...p/_transport.lua:36	"rpc"	"clangd"	"stderr"	"I[08:12:44.477] Failed to find compilation database for /home/carlos/Documents/icy-iso/iso/airootfs/root/a.c\n"
[ERROR][2025-06-07 08:12:44] ...p/_transport.lua:36	"rpc"	"clangd"	"stderr"	"I[08:12:44.478] ASTWorker building file /home/carlos/Documents/icy-iso/iso/airootfs/root/a.c version 7 with command clangd fallback\n[/home/carlos/Documents/icy-iso/iso/airootfs/root]\n/usr/bin/clang -resource-dir=/usr/lib/clang/19 -- /home/carlos/Documents/icy-iso/iso/airootfs/root/a.c\n"
[ERROR][2025-06-07 08:12:44] ...p/_transport.lua:36	"rpc"	"clangd"	"stderr"	"I[08:12:44.485] --> textDocument/publishDiagnostics\n"
[ERROR][2025-06-07 08:12:44] ...p/_transport.lua:36	"rpc"	"clangd"	"stderr"	"I[08:12:44.565] <-- textDocument/semanticTokens/full/delta(7)\n"
[ERROR][2025-06-07 08:12:44] ...p/_transport.lua:36	"rpc"	"clangd"	"stderr"	"I[08:12:44.565] --> reply:textDocument/semanticTokens/full/delta(7) 0 ms\n"
[ERROR][2025-06-07 08:12:44] ...p/_transport.lua:36	"rpc"	"clangd"	"stderr"	"I[08:12:44.581] <-- textDocument/completion(8)\n"
[ERROR][2025-06-07 08:12:44] ...p/_transport.lua:36	"rpc"	"clangd"	"stderr"	"I[08:12:44.586] Code complete: sema context PreprocessorDirective, query scopes [] (AnyScope=true), expected type <none>\n"
[ERROR][2025-06-07 08:12:44] ...p/_transport.lua:36	"rpc"	"clangd"	"stderr"	"I[08:12:44.586] Code complete: 4 results from Sema, 0 from Index, 0 matched, 0 from identifiers, 4 returned.\n"
[ERROR][2025-06-07 08:12:44] ...p/_transport.lua:36	"rpc"	"clangd"	"stderr"	"I[08:12:44.586] --> reply:textDocument/completion(8) 4 ms\n"
[ERROR][2025-06-07 08:12:44] ...p/_transport.lua:36	"rpc"	"clangd"	"stderr"	"I[08:12:44.593] <-- textDocument/didChange\n"
[ERROR][2025-06-07 08:12:44] ...p/_transport.lua:36	"rpc"	"clangd"	"stderr"	"I[08:12:44.643] Failed to find compilation database for /home/carlos/Documents/icy-iso/iso/airootfs/root/a.c\n"
[ERROR][2025-06-07 08:12:44] ...p/_transport.lua:36	"rpc"	"clangd"	"stderr"	"I[08:12:44.644] ASTWorker building file /home/carlos/Documents/icy-iso/iso/airootfs/root/a.c version 8 with command clangd fallback\n[/home/carlos/Documents/icy-iso/iso/airootfs/root]\n/usr/bin/clang -resource-dir=/usr/lib/clang/19 -- /home/carlos/Documents/icy-iso/iso/airootfs/root/a.c\n"
[ERROR][2025-06-07 08:12:44] ...p/_transport.lua:36	"rpc"	"clangd"	"stderr"	"I[08:12:44.651] --> textDocument/publishDiagnostics\n"
[ERROR][2025-06-07 08:12:44] ...p/_transport.lua:36	"rpc"	"clangd"	"stderr"	"I[08:12:44.741] <-- textDocument/didChange\n"
[ERROR][2025-06-07 08:12:44] ...p/_transport.lua:36	"rpc"	"clangd"	"stderr"	"I[08:12:44.791] Failed to find compilation database for /home/carlos/Documents/icy-iso/iso/airootfs/root/a.c\n"
[ERROR][2025-06-07 08:12:44] ...p/_transport.lua:36	"rpc"	"clangd"	"stderr"	"I[08:12:44.792] ASTWorker building file /home/carlos/Documents/icy-iso/iso/airootfs/root/a.c version 17 with command clangd fallback\n[/home/carlos/Documents/icy-iso/iso/airootfs/root]\n/usr/bin/clang -resource-dir=/usr/lib/clang/19 -- /home/carlos/Documents/icy-iso/iso/airootfs/root/a.c\n"
[ERROR][2025-06-07 08:12:44] ...p/_transport.lua:36	"rpc"	"clangd"	"stderr"	"I[08:12:44.793] <-- textDocument/semanticTokens/full/delta(9)\n"
[ERROR][2025-06-07 08:12:44] ...p/_transport.lua:36	"rpc"	"clangd"	"stderr"	"I[08:12:44.799] --> textDocument/publishDiagnostics\n"
[ERROR][2025-06-07 08:12:44] ...p/_transport.lua:36	"rpc"	"clangd"	"stderr"	"I[08:12:44.799] --> reply:textDocument/semanticTokens/full/delta(9) 5 ms\n"
[ERROR][2025-06-07 08:12:44] ...p/_transport.lua:36	"rpc"	"clangd"	"stderr"	"I[08:12:44.802] Built preamble of size 231844 for file /home/carlos/Documents/icy-iso/iso/airootfs/root/a.c version 17 in 0.01 seconds\n"
[ERROR][2025-06-07 08:12:44] ...p/_transport.lua:36	"rpc"	"clangd"	"stderr"	"I[08:12:44.802] --> workspace/semanticTokens/refresh(2)\n"
[ERROR][2025-06-07 08:12:44] ...p/_transport.lua:36	"rpc"	"clangd"	"stderr"	"I[08:12:44.802] <-- textDocument/semanticTokens/full/delta(10)\n"
[ERROR][2025-06-07 08:12:44] ...p/_transport.lua:36	"rpc"	"clangd"	"stderr"	"I[08:12:44.802] <-- reply(2)\n"
[ERROR][2025-06-07 08:12:44] ...p/_transport.lua:36	"rpc"	"clangd"	"stderr"	"I[08:12:44.806] --> textDocument/publishDiagnostics\n"
[ERROR][2025-06-07 08:12:44] ...p/_transport.lua:36	"rpc"	"clangd"	"stderr"	"I[08:12:44.806] --> reply:textDocument/semanticTokens/full/delta(10) 4 ms\n"
[ERROR][2025-06-07 08:12:44] ...p/_transport.lua:36	"rpc"	"clangd"	"stderr"	"I[08:12:44.890] <-- textDocument/didChange\n"
[ERROR][2025-06-07 08:12:44] ...p/_transport.lua:36	"rpc"	"clangd"	"stderr"	"I[08:12:44.941] Failed to find compilation database for /home/carlos/Documents/icy-iso/iso/airootfs/root/a.c\n"
[ERROR][2025-06-07 08:12:44] ...p/_transport.lua:36	"rpc"	"clangd"	"stderr"	"I[08:12:44.941] ASTWorker building file /home/carlos/Documents/icy-iso/iso/airootfs/root/a.c version 18 with command clangd fallback\n[/home/carlos/Documents/icy-iso/iso/airootfs/root]\n/usr/bin/clang -resource-dir=/usr/lib/clang/19 -- /home/carlos/Documents/icy-iso/iso/airootfs/root/a.c\n"
[ERROR][2025-06-07 08:12:44] ...p/_transport.lua:36	"rpc"	"clangd"	"stderr"	"I[08:12:44.945] --> textDocument/publishDiagnostics\n"
[ERROR][2025-06-07 08:12:44] ...p/_transport.lua:36	"rpc"	"clangd"	"stderr"	"I[08:12:44.948] Built preamble of size 231844 for file /home/carlos/Documents/icy-iso/iso/airootfs/root/a.c version 18 in 0.01 seconds\n"
[ERROR][2025-06-07 08:12:44] ...p/_transport.lua:36	"rpc"	"clangd"	"stderr"	"I[08:12:44.948] --> workspace/semanticTokens/refresh(3)\n"
[ERROR][2025-06-07 08:12:44] ...p/_transport.lua:36	"rpc"	"clangd"	"stderr"	"I[08:12:44.948] <-- textDocument/semanticTokens/full/delta(11)\n"
[ERROR][2025-06-07 08:12:44] ...p/_transport.lua:36	"rpc"	"clangd"	"stderr"	"I[08:12:44.948] <-- reply(3)\n"
[ERROR][2025-06-07 08:12:44] ...p/_transport.lua:36	"rpc"	"clangd"	"stderr"	"I[08:12:44.951] --> textDocument/publishDiagnostics\n"
[ERROR][2025-06-07 08:12:44] ...p/_transport.lua:36	"rpc"	"clangd"	"stderr"	"I[08:12:44.951] --> reply:textDocument/semanticTokens/full/delta(11) 3 ms\n"
[ERROR][2025-06-07 08:12:45] ...p/_transport.lua:36	"rpc"	"clangd"	"stderr"	"I[08:12:45.045] <-- textDocument/didChange\n"
[ERROR][2025-06-07 08:12:45] ...p/_transport.lua:36	"rpc"	"clangd"	"stderr"	"I[08:12:45.096] Failed to find compilation database for /home/carlos/Documents/icy-iso/iso/airootfs/root/a.c\n"
[ERROR][2025-06-07 08:12:45] ...p/_transport.lua:36	"rpc"	"clangd"	"stderr"	"I[08:12:45.096] ASTWorker building file /home/carlos/Documents/icy-iso/iso/airootfs/root/a.c version 19 with command clangd fallback\n[/home/carlos/Documents/icy-iso/iso/airootfs/root]\n/usr/bin/clang -resource-dir=/usr/lib/clang/19 -- /home/carlos/Documents/icy-iso/iso/airootfs/root/a.c\n"
[ERROR][2025-06-07 08:12:45] ...p/_transport.lua:36	"rpc"	"clangd"	"stderr"	"I[08:12:45.100] --> textDocument/publishDiagnostics\n"
[ERROR][2025-06-07 08:12:45] ...p/_transport.lua:36	"rpc"	"clangd"	"stderr"	"I[08:12:45.103] Built preamble of size 231844 for file /home/carlos/Documents/icy-iso/iso/airootfs/root/a.c version 19 in 0.01 seconds\n"
[ERROR][2025-06-07 08:12:45] ...p/_transport.lua:36	"rpc"	"clangd"	"stderr"	"I[08:12:45.103] --> workspace/semanticTokens/refresh(4)\n"
[ERROR][2025-06-07 08:12:45] ...p/_transport.lua:36	"rpc"	"clangd"	"stderr"	"I[08:12:45.103] <-- textDocument/semanticTokens/full/delta(12)\n"
[ERROR][2025-06-07 08:12:45] ...p/_transport.lua:36	"rpc"	"clangd"	"stderr"	"I[08:12:45.103] <-- reply(4)\n"
[ERROR][2025-06-07 08:12:45] ...p/_transport.lua:36	"rpc"	"clangd"	"stderr"	"I[08:12:45.106] --> textDocument/publishDiagnostics\n"
[ERROR][2025-06-07 08:12:45] ...p/_transport.lua:36	"rpc"	"clangd"	"stderr"	"I[08:12:45.106] --> reply:textDocument/semanticTokens/full/delta(12) 3 ms\n"
[ERROR][2025-06-07 08:12:45] ...p/_transport.lua:36	"rpc"	"clangd"	"stderr"	"I[08:12:45.341] <-- textDocument/didChange\n"
[ERROR][2025-06-07 08:12:45] ...p/_transport.lua:36	"rpc"	"clangd"	"stderr"	"I[08:12:45.391] Failed to find compilation database for /home/carlos/Documents/icy-iso/iso/airootfs/root/a.c\n"
[ERROR][2025-06-07 08:12:45] ...p/_transport.lua:36	"rpc"	"clangd"	"stderr"	"I[08:12:45.392] ASTWorker building file /home/carlos/Documents/icy-iso/iso/airootfs/root/a.c version 20 with command clangd fallback\n[/home/carlos/Documents/icy-iso/iso/airootfs/root]\n/usr/bin/clang -resource-dir=/usr/lib/clang/19 -- /home/carlos/Documents/icy-iso/iso/airootfs/root/a.c\n"
[ERROR][2025-06-07 08:12:45] ...p/_transport.lua:36	"rpc"	"clangd"	"stderr"	"I[08:12:45.396] --> textDocument/publishDiagnostics\n"
[ERROR][2025-06-07 08:12:45] ...p/_transport.lua:36	"rpc"	"clangd"	"stderr"	"I[08:12:45.398] Built preamble of size 231848 for file /home/carlos/Documents/icy-iso/iso/airootfs/root/a.c version 20 in 0.01 seconds\n"
[ERROR][2025-06-07 08:12:45] ...p/_transport.lua:36	"rpc"	"clangd"	"stderr"	"I[08:12:45.399] --> workspace/semanticTokens/refresh(5)\n"
[ERROR][2025-06-07 08:12:45] ...p/_transport.lua:36	"rpc"	"clangd"	"stderr"	"I[08:12:45.399] <-- textDocument/semanticTokens/full/delta(13)\n"
[ERROR][2025-06-07 08:12:45] ...p/_transport.lua:36	"rpc"	"clangd"	"stderr"	"I[08:12:45.399] <-- reply(5)\n"
[ERROR][2025-06-07 08:12:45] ...p/_transport.lua:36	"rpc"	"clangd"	"stderr"	"I[08:12:45.402] --> textDocument/publishDiagnostics\n"
[ERROR][2025-06-07 08:12:45] ...p/_transport.lua:36	"rpc"	"clangd"	"stderr"	"I[08:12:45.402] --> reply:textDocument/semanticTokens/full/delta(13) 3 ms\n"
[ERROR][2025-06-07 08:12:45] ...p/_transport.lua:36	"rpc"	"clangd"	"stderr"	"I[08:12:45.491] <-- textDocument/didChange\n"
[ERROR][2025-06-07 08:12:45] ...p/_transport.lua:36	"rpc"	"clangd"	"stderr"	"I[08:12:45.541] Failed to find compilation database for /home/carlos/Documents/icy-iso/iso/airootfs/root/a.c\n"
[ERROR][2025-06-07 08:12:45] ...p/_transport.lua:36	"rpc"	"clangd"	"stderr"	"I[08:12:45.542] ASTWorker building file /home/carlos/Documents/icy-iso/iso/airootfs/root/a.c version 21 with command clangd fallback\n[/home/carlos/Documents/icy-iso/iso/airootfs/root]\n/usr/bin/clang -resource-dir=/usr/lib/clang/19 -- /home/carlos/Documents/icy-iso/iso/airootfs/root/a.c\n"
[ERROR][2025-06-07 08:12:45] ...p/_transport.lua:36	"rpc"	"clangd"	"stderr"	"I[08:12:45.546] --> textDocument/publishDiagnostics\n"
[ERROR][2025-06-07 08:12:45] ...p/_transport.lua:36	"rpc"	"clangd"	"stderr"	"I[08:12:45.548] Built preamble of size 231848 for file /home/carlos/Documents/icy-iso/iso/airootfs/root/a.c version 21 in 0.01 seconds\n"
[ERROR][2025-06-07 08:12:45] ...p/_transport.lua:36	"rpc"	"clangd"	"stderr"	"I[08:12:45.549] --> workspace/semanticTokens/refresh(6)\n"
[ERROR][2025-06-07 08:12:45] ...p/_transport.lua:36	"rpc"	"clangd"	"stderr"	"I[08:12:45.549] <-- textDocument/semanticTokens/full/delta(14)\n"
[ERROR][2025-06-07 08:12:45] ...p/_transport.lua:36	"rpc"	"clangd"	"stderr"	"I[08:12:45.549] <-- reply(6)\n"
[ERROR][2025-06-07 08:12:45] ...p/_transport.lua:36	"rpc"	"clangd"	"stderr"	"I[08:12:45.552] --> textDocument/publishDiagnostics\n"
[ERROR][2025-06-07 08:12:45] ...p/_transport.lua:36	"rpc"	"clangd"	"stderr"	"I[08:12:45.552] --> reply:textDocument/semanticTokens/full/delta(14) 3 ms\n"
[ERROR][2025-06-07 08:12:45] ...p/_transport.lua:36	"rpc"	"clangd"	"stderr"	"I[08:12:45.582] <-- textDocument/completion(15)\n"
[ERROR][2025-06-07 08:12:45] ...p/_transport.lua:36	"rpc"	"clangd"	"stderr"	"I[08:12:45.588] Code complete: sema context IncludedFile, query scopes [] (AnyScope=true), expected type <none>\n"
[ERROR][2025-06-07 08:12:45] ...p/_transport.lua:36	"rpc"	"clangd"	"stderr"	"I[08:12:45.588] Code complete: 46 results from Sema, 0 from Index, 0 matched, 0 from identifiers, 46 returned.\n"
[ERROR][2025-06-07 08:12:45] ...p/_transport.lua:36	"rpc"	"clangd"	"stderr"	"I[08:12:45.589] --> reply:textDocument/completion(15) 7 ms\n"
[ERROR][2025-06-07 08:12:45] ...p/_transport.lua:36	"rpc"	"clangd"	"stderr"	"I[08:12:45.640] <-- textDocument/didChange\n"
[ERROR][2025-06-07 08:12:45] ...p/_transport.lua:36	"rpc"	"clangd"	"stderr"	"I[08:12:45.691] Failed to find compilation database for /home/carlos/Documents/icy-iso/iso/airootfs/root/a.c\n"
[ERROR][2025-06-07 08:12:45] ...p/_transport.lua:36	"rpc"	"clangd"	"stderr"	"I[08:12:45.691] ASTWorker building file /home/carlos/Documents/icy-iso/iso/airootfs/root/a.c version 30 with command clangd fallback\n[/home/carlos/Documents/icy-iso/iso/airootfs/root]\n/usr/bin/clang -resource-dir=/usr/lib/clang/19 -- /home/carlos/Documents/icy-iso/iso/airootfs/root/a.c\n"
[ERROR][2025-06-07 08:12:45] ...p/_transport.lua:36	"rpc"	"clangd"	"stderr"	"I[08:12:45.701] --> textDocument/publishDiagnostics\n"
[ERROR][2025-06-07 08:12:45] ...p/_transport.lua:36	"rpc"	"clangd"	"stderr"	"I[08:12:45.704] Built preamble of size 240284 for file /home/carlos/Documents/icy-iso/iso/airootfs/root/a.c version 30 in 0.01 seconds\n"
[ERROR][2025-06-07 08:12:45] ...p/_transport.lua:36	"rpc"	"clangd"	"stderr"	"I[08:12:45.704] --> workspace/semanticTokens/refresh(7)\n"
[ERROR][2025-06-07 08:12:45] ...p/_transport.lua:36	"rpc"	"clangd"	"stderr"	"I[08:12:45.705] <-- textDocument/semanticTokens/full/delta(16)\n"
[ERROR][2025-06-07 08:12:45] ...p/_transport.lua:36	"rpc"	"clangd"	"stderr"	"I[08:12:45.705] <-- reply(7)\n"
[ERROR][2025-06-07 08:12:45] ...p/_transport.lua:36	"rpc"	"clangd"	"stderr"	"I[08:12:45.709] --> textDocument/publishDiagnostics\nI[08:12:45.709] --> reply:textDocument/semanticTokens/full/delta(16) 4 ms\n"
[ERROR][2025-06-07 08:12:50] ...p/_transport.lua:36	"rpc"	"clangd"	"stderr"	"I[08:12:50.151] <-- shutdown(17)\nI[08:12:50.151] --> reply:shutdown(17) 0 ms\n"
[START][2025-06-07 08:12:54] LSP logging initiated
[ERROR][2025-06-07 08:12:54] ...p/_transport.lua:36	"rpc"	"clangd"	"stderr"	"I[08:12:54.985] clangd version 19.1.7\nI[08:12:54.985] Features: linux\nI[08:12:54.985] PID: 21954\nI[08:12:54.985] Working directory: /home/carlos/Documents/icy-iso/iso/airootfs/root\nI[08:12:54.985] argv[0]: clangd\n"
[ERROR][2025-06-07 08:12:54] ...p/_transport.lua:36	"rpc"	"clangd"	"stderr"	"I[08:12:54.985] Starting LSP over stdin/stdout\n"
[ERROR][2025-06-07 08:12:54] ...p/_transport.lua:36	"rpc"	"clangd"	"stderr"	"I[08:12:54.985] <-- initialize(1)\n"
[ERROR][2025-06-07 08:12:54] ...p/_transport.lua:36	"rpc"	"clangd"	"stderr"	"I[08:12:54.986] --> reply:initialize(1) 0 ms\n"
[ERROR][2025-06-07 08:12:54] ...p/_transport.lua:36	"rpc"	"clangd"	"stderr"	"I[08:12:54.986] <-- initialized\nI[08:12:54.986] <-- textDocument/didOpen\n"
[ERROR][2025-06-07 08:12:54] ...p/_transport.lua:36	"rpc"	"clangd"	"stderr"	"I[08:12:54.987] Failed to find compilation database for /home/carlos/Documents/icy-iso/iso/airootfs/root/a.c\nI[08:12:54.987] ASTWorker building file /home/carlos/Documents/icy-iso/iso/airootfs/root/a.c version 0 with command clangd fallback\n[/home/carlos/Documents/icy-iso/iso/airootfs/root]\n/usr/bin/clang -resource-dir=/usr/lib/clang/19 -- /home/carlos/Documents/icy-iso/iso/airootfs/root/a.c\n"
[ERROR][2025-06-07 08:12:54] ...p/_transport.lua:36	"rpc"	"clangd"	"stderr"	"I[08:12:54.988] <-- textDocument/semanticTokens/full(2)\n"
[ERROR][2025-06-07 08:12:54] ...p/_transport.lua:36	"rpc"	"clangd"	"stderr"	"I[08:12:54.994] Built preamble of size 231836 for file /home/carlos/Documents/icy-iso/iso/airootfs/root/a.c version 0 in 0.01 seconds\n"
[ERROR][2025-06-07 08:12:54] ...p/_transport.lua:36	"rpc"	"clangd"	"stderr"	"I[08:12:54.994] --> workspace/semanticTokens/refresh(0)\n"
[ERROR][2025-06-07 08:12:54] ...p/_transport.lua:36	"rpc"	"clangd"	"stderr"	"I[08:12:54.995] <-- $/cancelRequest\nI[08:12:54.995] <-- textDocument/semanticTokens/full(3)\nI[08:12:54.995] <-- reply(0)\n"
[ERROR][2025-06-07 08:12:54] ...p/_transport.lua:36	"rpc"	"clangd"	"stderr"	"I[08:12:54.995] Indexing c17 standard library in the context of /home/carlos/Documents/icy-iso/iso/airootfs/root/a.c\n"
[ERROR][2025-06-07 08:12:54] ...p/_transport.lua:36	"rpc"	"clangd"	"stderr"	"I[08:12:54.999] --> textDocument/publishDiagnostics\n"
[ERROR][2025-06-07 08:12:54] ...p/_transport.lua:36	"rpc"	"clangd"	"stderr"	"I[08:12:54.999] --> reply:textDocument/semanticTokens/full(2) 10 ms, error: Task was cancelled.\nI[08:12:54.999] --> reply:textDocument/semanticTokens/full(3) 4 ms\n"
[ERROR][2025-06-07 08:12:55] ...p/_transport.lua:36	"rpc"	"clangd"	"stderr"	"I[08:12:55.104] Indexed c17 standard library: 2868 symbols, 27 filtered\n"
[ERROR][2025-06-07 08:12:57] ...p/_transport.lua:36	"rpc"	"clangd"	"stderr"	"I[08:12:57.456] <-- shutdown(4)\nI[08:12:57.456] --> reply:shutdown(4) 0 ms\n"
